✅ Service Email Mailgun initialisé

🎯 SCRIPT D'IMPORT JOURNALISTES FRANÇAIS

Usage:
  node import-journalists-data.js import   # Importer les contacts
  node import-journalists-data.js clean    # Supprimer les contacts importés

📋 Ce script importe 14 contacts journalistes français:
• 5 contacts Ferarock (radios rock/metal)
• 6 contacts Radio Campus (radios universitaires)
• 3 contacts radios locales complémentaires

🎯 Tous les contacts sont classés avec le tag "radios-locales" comme demandé.
    
🔄 Connexion à MongoDB...
✅ MongoDB connecté: localhost:27017/presspilot_dev
📊 État de la connexion: Connecté
🏷️  Nom de la base: presspilot_dev
🔗 URL de connexion: mongodb://localhost:27017/presspilot_dev

🚀 PressPilot Backend démarré
📍 Port: 3002
🌍 Environnement: development
🔐 JWT: ✅ Configuré
📞 Ringover: ✅ Configuré
🗄️  MongoDB: ✅ Connecté
⏰ 19/10/2025 00:59:46
      

📋 Endpoints disponibles:
• Health: http://localhost:3002/health
• Auth Register: http://localhost:3002/api/auth/register
• Auth Login: http://localhost:3002/api/auth/login
• Auth Profile: http://localhost:3002/api/auth/me
• Test Ringover: http://localhost:3002/api/test-ringover
• Appels: http://localhost:3002/api/calls
• DB Stats: http://localhost:3002/api/db-stats
        
[0mGET /api/artists [33m401[0m 1.101 ms - 80[0m
[0mPOST /artists [33m404[0m 0.461 ms - 66[0m
[0mGET /contacts [33m404[0m 0.406 ms - 67[0m
[0mGET /api/auth/me [32m200[0m 7.716 ms - 462[0m
[0mGET /api/auth/me [32m200[0m 15.874 ms - 462[0m
[0mGET /campaigns?page=1&limit=20&sortBy=createdAt&sortOrder=desc&artistId=1760825320306&projectId=1760825354650 [33m404[0m 0.114 ms - 163[0m
[0mGET /campaigns?page=1&limit=20&sortBy=createdAt&sortOrder=desc&artistId=1760825320306&projectId=1760825354650 [33m404[0m 0.089 ms - 163[0m
[0mPOST /artists [33m404[0m 0.232 ms - 66[0m
[0mPOST /artists [33m404[0m 0.721 ms - 66[0m
[0mGET /contacts [33m404[0m 0.288 ms - 67[0m
[0mPOST /artists [33m404[0m 0.253 ms - 66[0m
[0mGET /contacts [33m404[0m 0.177 ms - 67[0m
[0mGET /api/campaigns?page=1&limit=20&sortBy=createdAt&sortOrder=desc&artistId=1760825320306&projectId=1760825354650 [33m401[0m 1.469 ms - 68[0m
[0mGET /api/auth/me [32m200[0m 21.361 ms - 462[0m
[0mGET /api/auth/me [32m200[0m 17.798 ms - 462[0m
[0mGET /api/campaigns?page=1&limit=20&sortBy=createdAt&sortOrder=desc&artistId=1760825320306&projectId=1760825354650 [33m401[0m 0.530 ms - 68[0m
[0mGET /api/campaigns?page=1&limit=20&sortBy=createdAt&sortOrder=desc&artistId=1760825320306&projectId=1760825354650 [33m401[0m 0.199 ms - 68[0m
[0mPOST /api/artists [33m401[0m 1.015 ms - 68[0m
Token optionnel invalide ou expiré: jwt malformed
[0mGET /api/contacts [32m200[0m 93.990 ms - -[0m
[0mGET /api/auth/me [32m200[0m 7.671 ms - 462[0m
[0mGET /api/auth/me [32m200[0m 6.710 ms - 462[0m
[0mGET /api/campaigns?page=1&limit=20&sortBy=createdAt&sortOrder=desc&artistId=1760839747052&projectId=1760839783081 [33m401[0m 4.939 ms - 68[0m
[0mGET /api/campaigns?page=1&limit=20&sortBy=createdAt&sortOrder=desc&artistId=1760839747052&projectId=1760839783081 [33m401[0m 0.979 ms - 68[0m
[0mPOST /api/artists [33m401[0m 0.495 ms - 68[0m
Token optionnel invalide ou expiré: jwt malformed
[0mGET /api/contacts [36m304[0m 17.105 ms - -[0m
[0mGET /api/auth/me [32m200[0m 14.821 ms - 462[0m
[0mGET /api/auth/me [32m200[0m 13.792 ms - 462[0m
[0mGET /api/campaigns?page=1&limit=20&sortBy=createdAt&sortOrder=desc&artistId=1760839747052&projectId=1760839783081 [33m401[0m 0.692 ms - 68[0m
[0mGET /api/campaigns?page=1&limit=20&sortBy=createdAt&sortOrder=desc&artistId=1760839747052&projectId=1760839783081 [33m401[0m 0.164 ms - 68[0m
[0mPOST /api/artists [33m401[0m 0.327 ms - 80[0m
[0mGET /api/contacts [36m304[0m 26.146 ms - -[0m
[0mGET /api/auth/me [36m304[0m 27.886 ms - -[0m
[0mGET /api/auth/me [36m304[0m 7.654 ms - -[0m
[0mGET /api/campaigns [33m401[0m 1.292 ms - 80[0m
[0mGET /api/campaigns [33m401[0m 0.249 ms - 80[0m
[0mGET /api/campaigns?page=1&limit=20&sortBy=createdAt&sortOrder=desc&artistId=1760839747052&projectId=1760839783081 [33m401[0m 1.663 ms - 68[0m
[0mGET /api/campaigns?page=1&limit=20&sortBy=createdAt&sortOrder=desc&artistId=1760839747052&projectId=1760839783081 [33m401[0m 0.332 ms - 68[0m
[0mGET /api/campaigns?page=1&limit=20&sortBy=createdAt&sortOrder=desc&artistId=1760839747052&projectId=1760839783081 [33m401[0m 0.610 ms - 68[0m
[0mGET /api/campaigns?page=1&limit=20&sortBy=createdAt&sortOrder=desc&artistId=1760839747052&projectId=1760839783081 [33m401[0m 0.161 ms - 68[0m
[0mGET /api/auth/me [36m304[0m 107.814 ms - -[0m
[0mGET /api/campaigns?page=1&limit=20&sortBy=createdAt&sortOrder=desc&artistId=1760839747052&projectId=1760839783081 [33m401[0m 0.929 ms - 68[0m
[0mGET /api/auth/me [36m304[0m 40.782 ms - -[0m
[0mGET /api/campaigns?page=1&limit=20&sortBy=createdAt&sortOrder=desc&artistId=1760839747052&projectId=1760839783081 [33m401[0m 0.468 ms - 68[0m
[0mGET /api/campaigns?page=1&limit=20&sortBy=createdAt&sortOrder=desc&artistId=1760839747052&projectId=1760839783081 [33m401[0m 11.285 ms - 68[0m
[0mGET /api/campaigns?page=1&limit=20&sortBy=createdAt&sortOrder=desc&artistId=1760839747052&projectId=1760839783081 [33m401[0m 0.133 ms - 68[0m
[0mGET /api/auth/me [36m304[0m 66.493 ms - -[0m
[0mGET /api/campaigns?page=1&limit=20&sortBy=createdAt&sortOrder=desc&artistId=1760839747052&projectId=1760839783081 [33m401[0m 0.515 ms - 68[0m
[0mGET /api/campaigns?page=1&limit=20&sortBy=createdAt&sortOrder=desc&artistId=1760839747052&projectId=1760839783081 [33m401[0m 0.132 ms - 68[0m
[0mGET /api/auth/me [36m304[0m 42.507 ms - -[0m
[0mGET /api/auth/me [36m304[0m 42.668 ms - -[0m
[0mGET /api/campaigns?page=1&limit=20&sortBy=createdAt&sortOrder=desc&artistId=1760839747052&projectId=1760839783081 [33m401[0m 0.331 ms - 68[0m
[0mGET /api/campaigns?page=1&limit=20&sortBy=createdAt&sortOrder=desc&artistId=1760839747052&projectId=1760839783081 [33m401[0m 0.194 ms - 68[0m
[0mGET /api/auth/me [36m304[0m 43.587 ms - -[0m
[0mGET /api/auth/me [36m304[0m 29.153 ms - -[0m
[0mGET /api/campaigns?page=1&limit=20&sortBy=createdAt&sortOrder=desc&artistId=1760839747052&projectId=1760839783081 [33m401[0m 0.472 ms - 68[0m
[0mGET /api/campaigns?page=1&limit=20&sortBy=createdAt&sortOrder=desc&artistId=1760839747052&projectId=1760839783081 [33m401[0m 0.252 ms - 68[0m
[0mGET /api/auth/me [36m304[0m 53.960 ms - -[0m
🟡 Mongoose déconnecté de MongoDB
Erreur dans le middleware d'authentification: MongoServerSelectionError: connect ECONNREFUSED ::1:27017, connect ECONNREFUSED 127.0.0.1:27017
    at Timeout._onTimeout (/Users/denisadam/Downloads/PressPilot by BandStream/Frontend-PressPilot-main/backend/node_modules/mongodb/lib/sdam/topology.js:278:38)
    at listOnTimeout (node:internal/timers:608:17)
    at process.processTimers (node:internal/timers:543:7) {
  reason: TopologyDescription {
    type: 'Single',
    servers: Map(1) { 'localhost:27017' => [ServerDescription] },
    stale: false,
    compatible: true,
    heartbeatFrequencyMS: 10000,
    localThresholdMS: 15,
    setName: null,
    maxElectionId: null,
    maxSetVersion: null,
    commonWireVersion: 0,
    logicalSessionTimeoutMinutes: null
  },
  code: undefined,
  Symbol(errorLabels): Set(0) {}
}
[0mGET /api/auth/me [31m500[0m 5051.684 ms - 82[0m
[0mGET /api/campaigns?page=1&limit=20&sortBy=createdAt&sortOrder=desc&artistId=1760839747052&projectId=1760839783081 [33m401[0m 0.714 ms - 68[0m
[0mGET /api/campaigns?page=1&limit=20&sortBy=createdAt&sortOrder=desc&artistId=1760839747052&projectId=1760839783081 [33m401[0m 0.208 ms - 68[0m

📡 Signal SIGTERM reçu, arrêt gracieux du serveur...
❌ Exception non capturée: ReferenceError: server is not defined
    at gracefulShutdown (/Users/denisadam/Downloads/PressPilot by BandStream/Frontend-PressPilot-main/backend/server.js:253:3)
    at process.<anonymous> (/Users/denisadam/Downloads/PressPilot by BandStream/Frontend-PressPilot-main/backend/server.js:265:29)
    at process.emit (node:events:508:28)
